==2812297== Memcheck, a memory error detector
==2812297== Copyright (C) 2002-2017, and GNU GPL'd, by Julian Seward et al.
==2812297== Using Valgrind-3.18.1 and LibVEX; rerun with -h for copyright info
==2812297== Command: ./fdf test2.fdf
==2812297== Parent PID: 2779069
==2812297== 
==2812297== 
==2812297== HEAP SUMMARY:
==2812297==     in use at exit: 120 bytes in 3 blocks
==2812297==   total heap usage: 13,166,805 allocs, 13,166,802 frees, 254,441,224 bytes allocated
==2812297== 
==2812297== LEAK SUMMARY:
==2812297==    definitely lost: 0 bytes in 0 blocks
==2812297==    indirectly lost: 0 bytes in 0 blocks
==2812297==      possibly lost: 0 bytes in 0 blocks
==2812297==    still reachable: 120 bytes in 3 blocks
==2812297==         suppressed: 0 bytes in 0 blocks
==2812297== Reachable blocks (those to which a pointer was found) are not shown.
==2812297== To see them, rerun with: --leak-check=full --show-leak-kinds=all
==2812297== 
==2812297== For lists of detected and suppressed errors, rerun with: -s
==2812297== ERROR SUMMARY: 0 errors from 0 contexts (suppressed: 1 from 1)
